Start testing: Jan 27 10:58 India Standard Time
----------------------------------------------------------
1/2 Testing: math_lib_test
1/2 Test: math_lib_test
Command: "F:/MCW/training assignments/gtest_assignments/build/math_lib_test.exe"
Directory: F:/MCW/training assignments/gtest_assignments/build
"math_lib_test" start time: Jan 27 10:58 India Standard Time
Output:
----------------------------------------------------------
[==========] Running 17 tests from 1 test suite.
[----------] Global test environment set-up.
[----------] 17 tests from MyMathTest
[ RUN      ] MyMathTest.FactorialPositiveNumbers
[       OK ] MyMathTest.FactorialPositiveNumbers (0 ms)
[ RUN      ] MyMathTest.FactorialNegativeNumbers
[       OK ] MyMathTest.FactorialNegativeNumbers (0 ms)
[ RUN      ] MyMathTest.FibonacciPositiveNumbers
[       OK ] MyMathTest.FibonacciPositiveNumbers (0 ms)
[ RUN      ] MyMathTest.FibonacciNegativeNumbers
[       OK ] MyMathTest.FibonacciNegativeNumbers (0 ms)
[ RUN      ] MyMathTest.GCDPositiveNumbers
[       OK ] MyMathTest.GCDPositiveNumbers (0 ms)
[ RUN      ] MyMathTest.GCDNegativeNumbers
[       OK ] MyMathTest.GCDNegativeNumbers (0 ms)
[ RUN      ] MyMathTest.LCMPositiveNumbers
[       OK ] MyMathTest.LCMPositiveNumbers (0 ms)
[ RUN      ] MyMathTest.LCMWithZero
[       OK ] MyMathTest.LCMWithZero (0 ms)
[ RUN      ] MyMathTest.LCMNegativeNumbers
[       OK ] MyMathTest.LCMNegativeNumbers (0 ms)
[ RUN      ] MyMathTest.PrimeFactors
[       OK ] MyMathTest.PrimeFactors (0 ms)
[ RUN      ] MyMathTest.PrimeFactorsInvalidInput
[       OK ] MyMathTest.PrimeFactorsInvalidInput (0 ms)
[ RUN      ] MyMathTest.CalculatePi
[       OK ] MyMathTest.CalculatePi (0 ms)
[ RUN      ] MyMathTest.CalculatePiInvalidIterations
[       OK ] MyMathTest.CalculatePiInvalidIterations (0 ms)
[ RUN      ] MyMathTest.Sigmoid
[       OK ] MyMathTest.Sigmoid (0 ms)
[ RUN      ] MyMathTest.ReLU
[       OK ] MyMathTest.ReLU (0 ms)
[ RUN      ] MyMathTest.MeanSquaredError
[       OK ] MyMathTest.MeanSquaredError (0 ms)
[ RUN      ] MyMathTest.MeanSquaredErrorInvalidInput
[       OK ] MyMathTest.MeanSquaredErrorInvalidInput (0 ms)
[----------] 17 tests from MyMathTest (0 ms total)

[----------] Global test environment tear-down
[==========] 17 tests from 1 test suite ran. (0 ms total)
[  PASSED  ] 17 tests.
<end of output>
Test time =   0.16 sec
----------------------------------------------------------
Test Passed.
"math_lib_test" end time: Jan 27 10:58 India Standard Time
"math_lib_test" time elapsed: 00:00:00
----------------------------------------------------------

2/2 Testing: edge_case_tests
2/2 Test: edge_case_tests
Command: "F:/MCW/training assignments/gtest_assignments/build/edge_case_tests.exe"
Directory: F:/MCW/training assignments/gtest_assignments/build
"edge_case_tests" start time: Jan 27 10:58 India Standard Time
Output:
----------------------------------------------------------
Running main() from F:\MCW\training assignments\gtest_assignments\googletest\googletest\src\gtest_main.cc
[==========] Running 6 tests from 1 test suite.
[----------] Global test environment set-up.
[----------] 6 tests from EdgeCaseTests
[ RUN      ] EdgeCaseTests.FactorialLargeInput
[       OK ] EdgeCaseTests.FactorialLargeInput (0 ms)
[ RUN      ] EdgeCaseTests.FibonacciLargeInput
[       OK ] EdgeCaseTests.FibonacciLargeInput (0 ms)
[ RUN      ] EdgeCaseTests.LcmOverflowError
[       OK ] EdgeCaseTests.LcmOverflowError (0 ms)
[ RUN      ] EdgeCaseTests.CalculatePiLargeIterations
[       OK ] EdgeCaseTests.CalculatePiLargeIterations (0 ms)
[ RUN      ] EdgeCaseTests.SigmoidLargeInput
[       OK ] EdgeCaseTests.SigmoidLargeInput (0 ms)
[ RUN      ] EdgeCaseTests.ReLULargeInput
[       OK ] EdgeCaseTests.ReLULargeInput (0 ms)
[----------] 6 tests from EdgeCaseTests (0 ms total)

[----------] Global test environment tear-down
[==========] 6 tests from 1 test suite ran. (0 ms total)
[  PASSED  ] 6 tests.
<end of output>
Test time =   0.17 sec
----------------------------------------------------------
Test Passed.
"edge_case_tests" end time: Jan 27 10:58 India Standard Time
"edge_case_tests" time elapsed: 00:00:00
----------------------------------------------------------

End testing: Jan 27 10:58 India Standard Time
