ayushmaan_fcb@Ayushmaan-Workstation:/mnt/d/MulticoreWare/FTTU-interns/Ayushmaan_Das/testing_assignments/GTEST_codeCoverage_unitTesting$ cd build
ayushmaan_fcb@Ayushmaan-Workstation:/mnt/d/MulticoreWare/FTTU-interns/Ayushmaan_Das/testing_assignments/GTEST_codeCoverage_unitTesting/build$ cmake -DCMAKE_BUILD_TYPE=Debug ..
-- The C compiler identification is GNU 13.3.0
-- The CXX compiler identification is GNU 13.3.0
-- Detecting C compiler ABI info
-- Detecting C compiler ABI info - done
-- Check for working C compiler: /usr/bin/cc - skipped
-- Detecting C compile features
-- Detecting C compile features - done
-- Detecting CXX compiler ABI info
-- Detecting CXX compiler ABI info - done
-- Check for working CXX compiler: /usr/bin/c++ - skipped
-- Detecting CXX compile features
-- Detecting CXX compile features - done
-- Performing Test CMAKE_HAVE_LIBC_PTHREAD
-- Performing Test CMAKE_HAVE_LIBC_PTHREAD - Success
-- Found Threads: TRUE
-- Building with coverage flags
-- Configuring done (9.5s)
-- Generating done (1.3s)
-- Build files have been written to: /mnt/d/MulticoreWare/FTTU-interns/Ayushmaan_Das/testing_assignments/GTEST_codeCoverage_unitTesting/build
ayushmaan_fcb@Ayushmaan-Workstation:/mnt/d/MulticoreWare/FTTU-interns/Ayushmaan_Das/testing_assignments/GTEST_codeCoverage_unitTesting/build$ make
[  9%] Building CXX object external/googletest/googletest/CMakeFiles/gtest.dir/src/gtest-all.cc.o
[ 18%] Linking CXX static library ../../../lib/libgtest.a
[ 18%] Built target gtest
[ 27%] Building CXX object external/googletest/googletest/CMakeFiles/gtest_main.dir/src/gtest_main.cc.o
[ 36%] Linking CXX static library ../../../lib/libgtest_main.a
[ 36%] Built target gtest_main
[ 45%] Building CXX object CMakeFiles/my_math_test.dir/src/my_math.cpp.o
[ 54%] Building CXX object CMakeFiles/my_math_test.dir/test_coverage/test_my_math.cpp.o
[ 63%] Linking CXX executable my_math_test
[ 63%] Built target my_math_test
[ 72%] Building CXX object external/googletest/googlemock/CMakeFiles/gmock.dir/src/gmock-all.cc.o
[ 81%] Linking CXX static library ../../../lib/libgmock.a
[ 81%] Built target gmock
[ 90%] Building CXX object external/googletest/googlemock/CMakeFiles/gmock_main.dir/src/gmock_main.cc.o
[100%] Linking CXX static library ../../../lib/libgmock_main.a
[100%] Built target gmock_main
ayushmaan_fcb@Ayushmaan-Workstation:/mnt/d/MulticoreWare/FTTU-interns/Ayushmaan_Das/testing_assignments/GTEST_codeCoverage_unitTesting/build$ ./my_math_test
Running main() from /mnt/d/MulticoreWare/FTTU-interns/Ayushmaan_Das/testing_assignments/GTEST_codeCoverage_unitTesting/external/googletest/googletest/src/gtest_main.cc
[==========] Running 18 tests from 9 test suites.
[----------] Global test environment set-up.
[----------] 3 tests from FactorialTest
[ RUN      ] FactorialTest.PositiveInputs
[       OK ] FactorialTest.PositiveInputs (0 ms)
[ RUN      ] FactorialTest.NegativeInput
[       OK ] FactorialTest.NegativeInput (2 ms)
[ RUN      ] FactorialTest.LargeInput
[       OK ] FactorialTest.LargeInput (0 ms)
[----------] 3 tests from FactorialTest (2 ms total)

[----------] 2 tests from FibonacciTest
[ RUN      ] FibonacciTest.ValidInputs
[       OK ] FibonacciTest.ValidInputs (0 ms)
[ RUN      ] FibonacciTest.NegativeInput
[       OK ] FibonacciTest.NegativeInput (0 ms)
[----------] 2 tests from FibonacciTest (0 ms total)

[----------] 2 tests from GCDTest
[ RUN      ] GCDTest.ValidInputs
[       OK ] GCDTest.ValidInputs (0 ms)
[ RUN      ] GCDTest.InvalidInput
[       OK ] GCDTest.InvalidInput (0 ms)
[----------] 2 tests from GCDTest (0 ms total)

[----------] 1 test from LCMTest
[ RUN      ] LCMTest.ValidInputs
[       OK ] LCMTest.ValidInputs (0 ms)
[----------] 1 test from LCMTest (0 ms total)

[----------] 3 tests from PrimeFactorsTest
[ RUN      ] PrimeFactorsTest.BasicCases
unknown file: Failure
C++ exception with description "Prime factorization is not defined for numbers less than or equal to 1." thrown in the test body.

[  FAILED  ] PrimeFactorsTest.BasicCases (0 ms)
[ RUN      ] PrimeFactorsTest.InvalidInput
[       OK ] PrimeFactorsTest.InvalidInput (0 ms)
[ RUN      ] PrimeFactorsTest.LargeNumber
[       OK ] PrimeFactorsTest.LargeNumber (0 ms)
[----------] 3 tests from PrimeFactorsTest (0 ms total)

[----------] 1 test from SigmoidTest
[ RUN      ] SigmoidTest.ValidInput
[       OK ] SigmoidTest.ValidInput (1 ms)
[----------] 1 test from SigmoidTest (1 ms total)

[----------] 1 test from ReLUTest
[ RUN      ] ReLUTest.ValidInput
[       OK ] ReLUTest.ValidInput (0 ms)
[----------] 1 test from ReLUTest (0 ms total)

[----------] 2 tests from MeanSquaredErrorTest
[ RUN      ] MeanSquaredErrorTest.ValidInputs
[       OK ] MeanSquaredErrorTest.ValidInputs (0 ms)
[ RUN      ] MeanSquaredErrorTest.MismatchedSizes
[       OK ] MeanSquaredErrorTest.MismatchedSizes (0 ms)
[----------] 2 tests from MeanSquaredErrorTest (0 ms total)

[----------] 3 tests from MyMathTest
[ RUN      ] MyMathTest.CalculatePiSmallIterations
[       OK ] MyMathTest.CalculatePiSmallIterations (1 ms)
[ RUN      ] MyMathTest.CalculatePiLargeIterations
[       OK ] MyMathTest.CalculatePiLargeIterations (1 ms)
[ RUN      ] MyMathTest.CalculatePiEdgeCases
[       OK ] MyMathTest.CalculatePiEdgeCases (0 ms)
[----------] 3 tests from MyMathTest (2 ms total)

[----------] Global test environment tear-down
[==========] 18 tests from 9 test suites ran. (8 ms total)
[  PASSED  ] 17 tests.
[  FAILED  ] 1 test, listed below:
[  FAILED  ] PrimeFactorsTest.BasicCases

 1 FAILED TEST
ayushmaan_fcb@Ayushmaan-Workstation:/mnt/d/MulticoreWare/FTTU-interns/Ayushmaan_Das/testing_assignments/GTEST_codeCoverage_unitTesting/build$ lcov --capture --directory . --output-file coverage.info --exclude '*/test_coverage/*' --exclude '/usr/include/*' --exclude '*/external/googletest/*'
Capturing coverage data from .
geninfo cmd: '/usr/bin/geninfo . --output-filename coverage.info --exclude */test_coverage/* --exclude /usr/include/* --exclude */external/googletest/* --memory 0'
Found gcov version: 13.3.0
Using intermediate gcov format
Writing temporary data to /tmp/geninfo_dat60Cc
Scanning . for .gcda files ...
Found 2 data files in .
Processing ./CMakeFiles/my_math_test.dir/src/my_math.cpp.gcda
Processing ./CMakeFiles/my_math_test.dir/test_coverage/test_my_math.cpp.gcda
Excluded data for 31 files due to include/exclude options
Finished .info-file creation
ayushmaan_fcb@Ayushmaan-Workstation:/mnt/d/MulticoreWare/FTTU-interns/Ayushmaan_Das/testing_assignments/GTEST_codeCoverage_unitTesting/build$ genhtml coverage.info --output-directory coverage_report
Found 1 entries.
Found common filename prefix "/mnt/d/MulticoreWare/FTTU-interns/Ayushmaan_Das/testing_assignments/GTEST_codeCoverage_unitTesting"
Generating output.
Processing file src/my_math.cpp
  lines=56 hit=54 functions=9 hit=9
Overall coverage rate:
  lines......: 96.4% (54 of 56 lines)
  functions......: 100.0% (9 of 9 functions)
ayushmaan_fcb@Ayushmaan-Workstation:/mnt/d/MulticoreWare/FTTU-interns/Ayushmaan_Das/testing_assignments/GTEST_codeCoverage_unitTesting/build$