TN:
SF:C:\msys64\mingw64\include\c++\14.2.0\bits\move.h
FN:70,_ZSt7forwardIRKiEOT_RNSt16remove_referenceIS2_E4typeE
FNDA:136,_ZSt7forwardIRKiEOT_RNSt16remove_referenceIS2_E4typeE
FNF:1
FNH:1
DA:70,136
DA:71,136
LF:2
LH:2
end_of_record
SF:C:\msys64\mingw64\include\c++\14.2.0\bits\stl_iterator.h
FN:1067,_ZN9__gnu_cxx17__normal_iteratorIPiSt6vectorIiSaIiEEEC1ERKS1_
FNDA:312,_ZN9__gnu_cxx17__normal_iteratorIPiSt6vectorIiSaIiEEEC1ERKS1_
FN:1153,_ZNK9__gnu_cxx17__normal_iteratorIPiSt6vectorIiSaIiEEE4baseEv
FNDA:188,_ZNK9__gnu_cxx17__normal_iteratorIPiSt6vectorIiSaIiEEE4baseEv
FN:1325,_ZN9__gnu_cxxmiIPiSt6vectorIiSaIiEEEENS_17__normal_iteratorIT_T0_E15difference_typeERKS8_SB_
FNDA:94,_ZN9__gnu_cxxmiIPiSt6vectorIiSaIiEEEENS_17__normal_iteratorIT_T0_E15difference_typeERKS8_SB_
FNF:3
FNH:3
DA:1067,312
DA:1068,312
DA:1153,188
DA:1154,188
DA:1325,94
DA:1328,94
LF:6
LH:6
end_of_record
SF:C:\msys64\mingw64\include\c++\14.2.0\bits\stl_vector.h
FN:98,_ZNSt12_Vector_baseIiSaIiEE17_Vector_impl_dataC2Ev
FNDA:0,_ZNSt12_Vector_baseIiSaIiEE17_Vector_impl_dataC2Ev
FN:136,_ZNSt12_Vector_baseIiSaIiEE12_Vector_implC1Ev
FNDA:34,_ZNSt12_Vector_baseIiSaIiEE12_Vector_implC1Ev
FN:300,_ZNSt12_Vector_baseIiSaIiEE19_M_get_Tp_allocatorEv
FNDA:0,_ZNSt12_Vector_baseIiSaIiEE19_M_get_Tp_allocatorEv
FN:305,_ZNKSt12_Vector_baseIiSaIiEE19_M_get_Tp_allocatorEv
FNDA:188,_ZNKSt12_Vector_baseIiSaIiEE19_M_get_Tp_allocatorEv
FN:314,_ZNSt12_Vector_baseIiSaIiEEC2Ev
FNDA:34,_ZNSt12_Vector_baseIiSaIiEEC2Ev
FN:366,_ZNSt12_Vector_baseIiSaIiEED2Ev
FNDA:0,_ZNSt12_Vector_baseIiSaIiEED2Ev
FN:377,_ZNSt12_Vector_baseIiSaIiEE11_M_allocateEy
FNDA:0,_ZNSt12_Vector_baseIiSaIiEE11_M_allocateEy
FN:385,_ZNSt12_Vector_baseIiSaIiEE13_M_deallocateEPiy
FNDA:0,_ZNSt12_Vector_baseIiSaIiEE13_M_deallocateEPiy
FN:504,_ZNSt6vectorIiSaIiEE11_S_relocateEPiS2_S2_RS0_
FNDA:94,_ZNSt6vectorIiSaIiEE11_S_relocateEPiS2_S2_RS0_
FN:531,_ZNSt6vectorIiSaIiEEC1Ev
FNDA:34,_ZNSt6vectorIiSaIiEEC1Ev
FN:733,_ZNSt6vectorIiSaIiEED1Ev
FNDA:0,_ZNSt6vectorIiSaIiEED1Ev
FN:873,_ZNSt6vectorIiSaIiEE5beginEv
FNDA:94,_ZNSt6vectorIiSaIiEE5beginEv
FN:893,_ZNSt6vectorIiSaIiEE3endEv
FNDA:156,_ZNSt6vectorIiSaIiEE3endEv
FN:992,_ZNKSt6vectorIdSaIdEE4sizeEv
FNDA:38,_ZNKSt6vectorIdSaIdEE4sizeEv
FN:992,_ZNKSt6vectorIiSaIiEE4sizeEv
FNDA:0,_ZNKSt6vectorIiSaIiEE4sizeEv
FN:998,_ZNKSt6vectorIiSaIiEE8max_sizeEv
FNDA:188,_ZNKSt6vectorIiSaIiEE8max_sizeEv
FN:1147,_ZNKSt6vectorIdSaIdEEixEy
FNDA:12,_ZNKSt6vectorIdSaIdEEixEy
FN:1283,_ZNSt6vectorIiSaIiEE9push_backERKi
FNDA:48,_ZNSt6vectorIiSaIiEE9push_backERKi
FN:1906,_ZNKSt6vectorIiSaIiEE12_M_check_lenEyPKc
FNDA:94,_ZNKSt6vectorIiSaIiEE12_M_check_lenEyPKc
FN:1926,_ZNSt6vectorIiSaIiEE11_S_max_sizeERKS0_
FNDA:0,_ZNSt6vectorIiSaIiEE11_S_max_sizeERKS0_
FNF:20
FNH:12
DA:98,0
DA:99,0
DA:100,0
DA:136,34
DA:141,34
DA:142,34
DA:300,0
DA:301,0
DA:305,188
DA:306,188
DA:314,34
DA:366,0
DA:368,0
DA:369,0
DA:370,0
DA:377,0
DA:380,0
DA:385,0
DA:388,0
DA:389,0
DA:390,0
DA:504,94
DA:509,94
DA:531,34
DA:733,0
DA:735,0
DA:736,0
DA:738,0
DA:873,94
DA:874,94
DA:893,156
DA:894,156
DA:992,0
DA:993,0
DA:992,38
DA:993,38
DA:998,188
DA:999,188
DA:1147,12
DA:1150,12
DA:1283,48
DA:1285,48
DA:1288,8
DA:1290,8
DA:1294,40
DA:1295,48
DA:1906,94
DA:1908,94
DA:1909,0
DA:1911,94
DA:1912,94
DA:1926,0
DA:1931,0
DA:1933,0
DA:1934,0
LF:55
LH:29
end_of_record
SF:C:\msys64\mingw64\include\c++\14.2.0\bits\stl_construct.h
FN:172,_ZNSt12_Destroy_auxILb1EE9__destroyIPiEEvT_S3_
FNDA:0,_ZNSt12_Destroy_auxILb1EE9__destroyIPiEEvT_S3_
FN:182,_ZSt8_DestroyIPiEvT_S1_
FNDA:0,_ZSt8_DestroyIPiEvT_S1_
FNF:2
FNH:0
DA:172,0
DA:182,0
DA:196,0
DA:197,0
LF:4
LH:0
end_of_record
SF:C:\msys64\mingw64\include\c++\14.2.0\bits\vector.tcc
FN:581,_ZNSt6vectorIiSaIiEE17_M_realloc_appendIJRKiEEEvDpOT_
FNDA:40,_ZNSt6vectorIiSaIiEE17_M_realloc_appendIJRKiEEEvDpOT_
FN:607,_ZZNSt6vectorIiSaIiEE17_M_realloc_appendIJRKiEEEvDpOT_EN6_GuardC1EPiyRS0_
FNDA:40,_ZZNSt6vectorIiSaIiEE17_M_realloc_appendIJRKiEEEvDpOT_EN6_GuardC1EPiyRS0_
FN:612,_ZZNSt6vectorIiSaIiEE17_M_realloc_appendIJRKiEEEvDpOT_EN6_GuardD1Ev
FNDA:40,_ZZNSt6vectorIiSaIiEE17_M_realloc_appendIJRKiEEEvDpOT_EN6_GuardD1Ev
FNF:3
FNH:3
DA:581,40
DA:590,40
DA:591,40
DA:592,0
DA:593,40
DA:594,40
DA:595,40
DA:596,40
DA:597,40
DA:607,40
DA:608,40
DA:609,40
DA:612,40
DA:614,40
DA:616,26
DA:617,40
DA:624,40
DA:634,80
DA:635,40
DA:647,40
DA:648,40
DA:649,40
DA:686,40
DA:687,40
DA:688,40
DA:692,40
DA:693,40
DA:694,40
DA:695,40
LF:29
LH:28
end_of_record
SF:D:\GTESTASS\src\my_math.cpp
FN:4,_ZN6MyMath9factorialEi
FNDA:84,_ZN6MyMath9factorialEi
FN:15,_ZN6MyMath9fibonacciEi
FNDA:312964,_ZN6MyMath9fibonacciEi
FN:26,_ZN6MyMath3gcdEii
FNDA:104,_ZN6MyMath3gcdEii
FN:37,_ZN6MyMath3lcmEii
FNDA:26,_ZN6MyMath3lcmEii
FN:48,_ZN6MyMath13prime_factorsEi
FNDA:22,_ZN6MyMath13prime_factorsEi
FN:64,_ZN6MyMath12calculate_piEi
FNDA:14,_ZN6MyMath12calculate_piEi
FN:76,_ZN6MyMath7sigmoidEd
FNDA:18,_ZN6MyMath7sigmoidEd
FN:80,_ZN6MyMath4reluEd
FNDA:14,_ZN6MyMath4reluEd
FN:84,_ZN6MyMath18mean_squared_errorERKSt6vectorIdSaIdEES4_
FNDA:12,_ZN6MyMath18mean_squared_errorERKSt6vectorIdSaIdEES4_
FNF:9
FNH:9
DA:4,84
DA:5,84
DA:6,4
DA:8,80
DA:9,14
DA:11,66
DA:15,312964
DA:16,312964
DA:17,4
DA:19,312960
DA:20,156488
DA:22,156472
DA:26,104
DA:27,104
DA:28,6
DA:30,98
DA:31,32
DA:33,66
DA:37,26
DA:38,26
DA:39,6
DA:41,20
DA:42,8
DA:44,12
DA:48,22
DA:49,22
DA:50,8
DA:52,14
DA:53,54
DA:54,80
DA:55,40
DA:56,40
DA:59,14
DA:60,8
DA:62,14
DA:64,14
DA:65,14
DA:66,6
DA:68,8
DA:69,610
DA:70,602
DA:71,602
DA:73,8
DA:76,18
DA:77,18
DA:80,14
DA:81,14
DA:84,12
DA:86,12
DA:87,8
DA:90,4
DA:91,10
DA:92,6
DA:93,6
DA:96,4
LF:55
LH:55
end_of_record
SF:C:\msys64\mingw64\include\c++\14.2.0\bits\stl_uninitialized.h
FN:1112,_ZSt14__relocate_a_1IiiENSt9enable_ifIXsrSt24__is_bitwise_relocatableIT_vE5valueEPS2_E4typeES4_S4_S4_RSaIT0_E
FNDA:94,_ZSt14__relocate_a_1IiiENSt9enable_ifIXsrSt24__is_bitwise_relocatableIT_vE5valueEPS2_E4typeES4_S4_S4_RSaIT0_E
FN:1139,_ZSt12__relocate_aIPiS0_SaIiEET0_T_S3_S2_RT1_
FNDA:94,_ZSt12__relocate_aIPiS0_SaIiEET0_T_S3_S2_RT1_
FNF:2
FNH:2
DA:1112,94
DA:1116,94
DA:1117,94
DA:1129,60
DA:1131,94
DA:1139,94
DA:1145,94
DA:1147,94
LF:8
LH:8
end_of_record
SF:C:\msys64\mingw64\include\c++\14.2.0\bits\stl_algobase.h
FN:233,_ZSt3minIyERKT_S2_S2_
FNDA:0,_ZSt3minIyERKT_S2_S2_
FN:257,_ZSt3maxIyERKT_S2_S2_
FNDA:196,_ZSt3maxIyERKT_S2_S2_
FN:257,_ZSt3maxIdERKT_S2_S2_
FNDA:14,_ZSt3maxIdERKT_S2_S2_
FN:316,_ZSt12__niter_baseIPiET_S1_
FNDA:0,_ZSt12__niter_baseIPiET_S1_
FNF:4
FNH:2
DA:233,0
DA:238,0
DA:239,0
DA:240,0
DA:257,196
DA:262,196
DA:263,82
DA:264,114
DA:257,14
DA:262,14
DA:263,8
DA:264,6
DA:316,0
DA:318,0
LF:14
LH:8
end_of_record
SF:C:\msys64\mingw64\include\c++\14.2.0\bits\ptr_traits.h
FN:205,_ZSt12__to_addressIiEPT_S1_
FNDA:94,_ZSt12__to_addressIiEPT_S1_
FNF:1
FNH:1
DA:205,94
DA:208,94
LF:2
LH:2
end_of_record
SF:C:\msys64\mingw64\include\c++\14.2.0\bits\new_allocator.h
FN:104,_ZNSt15__new_allocatorIiED2Ev
FNDA:0,_ZNSt15__new_allocatorIiED2Ev
FN:126,_ZNSt15__new_allocatorIiE8allocateEyPKv
FNDA:0,_ZNSt15__new_allocatorIiE8allocateEyPKv
FN:156,_ZNSt15__new_allocatorIiE10deallocateEPiy
FNDA:0,_ZNSt15__new_allocatorIiE10deallocateEPiy
FNF:3
FNH:0
DA:88,34
DA:104,0
DA:126,0
DA:134,0
DA:138,0
DA:139,0
DA:140,0
DA:151,0
DA:156,0
DA:172,0
DA:183,0
DA:191,48
DA:233,0
LF:13
LH:2
end_of_record
SF:C:\msys64\mingw64\include\c++\14.2.0\bits\allocator.h
DA:161,34
LF:1
LH:1
end_of_record
SF:C:\msys64\mingw64\include\c++\14.2.0\bits\alloc_traits.h
DA:478,0
DA:513,26
DA:534,48
DA:538,48
DA:570,0
DA:944,0
DA:945,0
LF:7
LH:3
end_of_record
SF:C:\msys64\mingw64\include\c++\14.2.0\new
FN:179,_ZnwyPv
FNDA:320,_ZnwyPv
FNF:1
FNH:1
DA:179,320
DA:180,320
LF:2
LH:2
end_of_record
